<?xml version="1.0" encoding="UTF-8" ?>
<testsuite tests="4" failures="0" name="features.PrimesTest" time="0.006" errors="0" skipped="0">
  <properties>
[...]
</properties>
  <testcase classname="features.PrimesTest" name="testIsPrimeWithComposites" time="0.003"/>
  <testcase classname="features.PrimesTest" name="testIsPrimeUsingAllMatch" time="0.001"/>
  <testcase classname="features.PrimesTest" name="emptyStreamsDanger" time="0.002"/>
  <testcase classname="features.PrimesTest" name="testNonNulls" time="0"/>
</testsuite>